<?xml version="1.0" encoding="UTF-8"?>
<!-- Generated by org.testng.reporters.JUnitXMLReporter -->
<testsuite hostname="DESKTOP-LTHR2NN" ignored="2" name="Test" tests="2" failures="0" timestamp="2021-01-19T17:22:29 GMT" time="0.136" errors="0">
  <testcase name="createCustomer" time="0.014" classname="testingtopic.TC008"/>
  <testcase name="deleteCustomer" time="0.005" classname="testingtopic.TC008"/>
  <testcase name="createProject" time="0.0" classname="testingtopic.TC008">
    <ignored/>
  </testcase> <!-- createProject -->
  <testcase name="deleteProject" time="0.0" classname="testingtopic.TC008">
    <ignored/>
  </testcase> <!-- deleteProject -->
</testsuite> <!-- Test -->
